<?xml version="1.0" encoding="UTF-8"?><testsuite errors="1" failures="0" name="Realizo busqueda con Excel" skipped="0" tests="1" time="1.22" timestamp="2021-07-06 02:26:29"><testcase name="busco en el navegador"><error type="java.lang.NullPointerException"/><system-err>null&#13;
com.guru99.demo.stepsdefinitions.ExcelStepDefinition.queElUsuariooEstaEnElPortalDeRopa(ExcelStepDefinition.java:21)&#13;
✽.que el usuarioo esta en el portal de ropa(src/test/resources/Excel.feature:7)&#13;
</system-err></testcase></testsuite>